<?xml version="1.0" encoding="UTF-8"?>
<!-- Generated by org.testng.reporters.JUnitXMLReporter -->
<testsuite hostname="ip-172-31-23-119" ignored="2" name="Test" tests="5" failures="0" timestamp="2022-03-12T06:32:14 UTC" time="19.129" errors="0">
  <testcase name="ExternalDataTest" time="2.333" classname="testcases.LoginTest"/>
  <testcase name="LogiSuccessTest" time="2.551" classname="testcases.LoginTest"/>
  <testcase name="LoginFailureTest" time="3.62" classname="testcases.LoginTest"/>
  <testcase name="ParameterizedTest" time="2.39" classname="testcases.LoginTest"/>
  <testcase name="test1" time="0.014" classname="testcases.HomeTest"/>
  <testcase name="@AfterTest DataTearDown" time="0.0" classname="testcases.BaseClass">
    <ignored/>
  </testcase> <!-- @AfterTest DataTearDown -->
  <testcase name="@BeforeTest DataSetUP" time="0.0" classname="testcases.BaseClass">
    <ignored/>
  </testcase> <!-- @BeforeTest DataSetUP -->
</testsuite> <!-- Test -->
