<?xml version="1.0" encoding="UTF-8"?>
<!-- Generated by org.testng.reporters.JUnitXMLReporter -->
<testsuite hostname="ip-172-31-23-119" ignored="2" name="Test" tests="5" failures="0" timestamp="2022-03-19T04:12:10 UTC" time="20.922" errors="0">
  <testcase name="ExternalDataTest" time="2.495" classname="testcases.LoginTest"/>
  <testcase name="LoginFailureTest" time="3.353" classname="testcases.LoginTest"/>
  <testcase name="LoginSuccessTest" time="3.457" classname="testcases.LoginTest"/>
  <testcase name="ParameterizedTest" time="2.87" classname="testcases.LoginTest"/>
  <testcase name="test1" time="0.0" classname="testcases.HomeTest"/>
  <testcase name="@BeforeTest DataSetUP" time="0.0" classname="testcases.BaseClass">
    <ignored/>
  </testcase> <!-- @BeforeTest DataSetUP -->
  <testcase name="@AfterTest DataTearDown" time="0.0" classname="testcases.BaseClass">
    <ignored/>
  </testcase> <!-- @AfterTest DataTearDown -->
</testsuite> <!-- Test -->
