<?xml version="1.0" encoding="UTF-8"?>
<testng-results skipped="0" failed="0" ignored="2" total="7" passed="5">
  <reporter-output>
  </reporter-output>
  <suite name="Suite" duration-ms="20922" started-at="2022-03-19T04:11:49 UTC" finished-at="2022-03-19T04:12:10 UTC">
    <groups>
    </groups>
    <test name="Test" duration-ms="20922" started-at="2022-03-19T04:11:49 UTC" finished-at="2022-03-19T04:12:10 UTC">
      <class name="testcases.HomeTest">
        <test-method status="PASS" signature="SetUp(java.lang.reflect.Method)[pri:0, instance:testcases.HomeTest@30a3107a]" name="SetUp" is-config="true" duration-ms="1333" started-at="2022-03-19T04:12:08 UTC" finished-at="2022-03-19T04:12:10 UTC">
          <params>
            <param index="0">
              <value>
                <![CDATA[public void testcases.HomeTest.test1()]]>
              </value>
            </param>
          </params>
          <reporter-output>
          </reporter-output>
        </test-method> <!-- SetUp -->
        <test-method status="PASS" signature="test1()[pri:0, instance:testcases.HomeTest@30a3107a]" name="test1" duration-ms="0" started-at="2022-03-19T04:12:10 UTC" finished-at="2022-03-19T04:12:10 UTC">
          <reporter-output>
          </reporter-output>
        </test-method> <!-- test1 -->
        <test-method status="PASS" signature="TearDown()[pri:0, instance:testcases.HomeTest@30a3107a]" name="TearDown" is-config="true" duration-ms="71" started-at="2022-03-19T04:12:10 UTC" finished-at="2022-03-19T04:12:10 UTC">
          <reporter-output>
          </reporter-output>
        </test-method> <!-- TearDown -->
      </class> <!-- testcases.HomeTest -->
      <class name="testcases.LoginTest">
        <test-method status="PASS" signature="DataSetUP()[pri:0, instance:testcases.LoginTest@11438d26]" name="DataSetUP" is-config="true" duration-ms="901" started-at="2022-03-19T04:11:49 UTC" finished-at="2022-03-19T04:11:50 UTC">
          <reporter-output>
          </reporter-output>
        </test-method> <!-- DataSetUP -->
        <test-method status="PASS" signature="SetUp(java.lang.reflect.Method)[pri:0, instance:testcases.LoginTest@11438d26]" name="SetUp" is-config="true" duration-ms="1815" started-at="2022-03-19T04:11:50 UTC" finished-at="2022-03-19T04:11:52 UTC">
          <params>
            <param index="0">
              <value>
                <![CDATA[public void testcases.LoginTest.ExternalDataTest()]]>
              </value>
            </param>
          </params>
          <reporter-output>
          </reporter-output>
        </test-method> <!-- SetUp -->
        <test-method status="PASS" signature="ExternalDataTest()[pri:0, instance:testcases.LoginTest@11438d26]" name="ExternalDataTest" duration-ms="2495" started-at="2022-03-19T04:11:52 UTC" finished-at="2022-03-19T04:11:54 UTC">
          <reporter-output>
          </reporter-output>
        </test-method> <!-- ExternalDataTest -->
        <test-method status="PASS" signature="TearDown()[pri:0, instance:testcases.LoginTest@11438d26]" name="TearDown" is-config="true" duration-ms="75" started-at="2022-03-19T04:11:54 UTC" finished-at="2022-03-19T04:11:55 UTC">
          <reporter-output>
          </reporter-output>
        </test-method> <!-- TearDown -->
        <test-method status="PASS" signature="SetUp(java.lang.reflect.Method)[pri:0, instance:testcases.LoginTest@11438d26]" name="SetUp" is-config="true" duration-ms="1347" started-at="2022-03-19T04:11:55 UTC" finished-at="2022-03-19T04:11:56 UTC">
          <params>
            <param index="0">
              <value>
                <![CDATA[public void testcases.LoginTest.LoginFailureTest()]]>
              </value>
            </param>
          </params>
          <reporter-output>
          </reporter-output>
        </test-method> <!-- SetUp -->
        <test-method status="PASS" signature="LoginFailureTest()[pri:0, instance:testcases.LoginTest@11438d26]" name="LoginFailureTest" duration-ms="3353" started-at="2022-03-19T04:11:56 UTC" finished-at="2022-03-19T04:11:59 UTC">
          <reporter-output>
          </reporter-output>
        </test-method> <!-- LoginFailureTest -->
        <test-method status="PASS" signature="TearDown()[pri:0, instance:testcases.LoginTest@11438d26]" name="TearDown" is-config="true" duration-ms="73" started-at="2022-03-19T04:11:59 UTC" finished-at="2022-03-19T04:11:59 UTC">
          <reporter-output>
          </reporter-output>
        </test-method> <!-- TearDown -->
        <test-method status="PASS" signature="SetUp(java.lang.reflect.Method)[pri:0, instance:testcases.LoginTest@11438d26]" name="SetUp" is-config="true" duration-ms="1465" started-at="2022-03-19T04:11:59 UTC" finished-at="2022-03-19T04:12:01 UTC">
          <params>
            <param index="0">
              <value>
                <![CDATA[public void testcases.LoginTest.LoginSuccessTest()]]>
              </value>
            </param>
          </params>
          <reporter-output>
          </reporter-output>
        </test-method> <!-- SetUp -->
        <test-method status="PASS" signature="LoginSuccessTest()[pri:0, instance:testcases.LoginTest@11438d26]" name="LoginSuccessTest" duration-ms="3457" started-at="2022-03-19T04:12:01 UTC" finished-at="2022-03-19T04:12:04 UTC">
          <reporter-output>
          </reporter-output>
        </test-method> <!-- LoginSuccessTest -->
        <test-method status="PASS" signature="TearDown()[pri:0, instance:testcases.LoginTest@11438d26]" name="TearDown" is-config="true" duration-ms="71" started-at="2022-03-19T04:12:04 UTC" finished-at="2022-03-19T04:12:04 UTC">
          <reporter-output>
          </reporter-output>
        </test-method> <!-- TearDown -->
        <test-method status="PASS" signature="SetUp(java.lang.reflect.Method)[pri:0, instance:testcases.LoginTest@11438d26]" name="SetUp" is-config="true" duration-ms="1172" started-at="2022-03-19T04:12:04 UTC" finished-at="2022-03-19T04:12:05 UTC">
          <params>
            <param index="0">
              <value>
                <![CDATA[public void testcases.LoginTest.ParameterizedTest(java.lang.String,java.lang.String)]]>
              </value>
            </param>
          </params>
          <reporter-output>
          </reporter-output>
        </test-method> <!-- SetUp -->
        <test-method status="PASS" signature="ParameterizedTest(java.lang.String,java.lang.String)[pri:0, instance:testcases.LoginTest@11438d26]" name="ParameterizedTest" duration-ms="2870" started-at="2022-03-19T04:12:05 UTC" finished-at="2022-03-19T04:12:08 UTC">
          <params>
            <param index="0">
              <value>
                <![CDATA[deep@abc.com]]>
              </value>
            </param>
            <param index="1">
              <value>
                <![CDATA[Abc@12345]]>
              </value>
            </param>
          </params>
          <reporter-output>
          </reporter-output>
        </test-method> <!-- ParameterizedTest -->
        <test-method status="PASS" signature="TearDown()[pri:0, instance:testcases.LoginTest@11438d26]" name="TearDown" is-config="true" duration-ms="71" started-at="2022-03-19T04:12:08 UTC" finished-at="2022-03-19T04:12:08 UTC">
          <reporter-output>
          </reporter-output>
        </test-method> <!-- TearDown -->
        <test-method status="PASS" signature="DataTearDown()[pri:0, instance:testcases.LoginTest@11438d26]" name="DataTearDown" is-config="true" duration-ms="315" started-at="2022-03-19T04:12:10 UTC" finished-at="2022-03-19T04:12:10 UTC">
          <reporter-output>
          </reporter-output>
        </test-method> <!-- DataTearDown -->
      </class> <!-- testcases.LoginTest -->
    </test> <!-- Test -->
  </suite> <!-- Suite -->
</testng-results>
