<?xml version="1.0" encoding="UTF-8"?>
<testng-results skipped="0" failed="1" ignored="0" total="4" passed="3">
  <reporter-output>
  </reporter-output>
  <suite name="Default suite" duration-ms="15112" started-at="2022-03-15T09:07:09 UTC" finished-at="2022-03-15T09:07:24 UTC">
    <groups>
    </groups>
    <test name="Default test" duration-ms="15112" started-at="2022-03-15T09:07:09 UTC" finished-at="2022-03-15T09:07:24 UTC">
      <class name="testcases.LoginTest">
        <test-method status="PASS" signature="DataSetUP()[pri:0, instance:testcases.LoginTest@6950e31]" name="DataSetUP" is-config="true" duration-ms="679" started-at="2022-03-15T09:07:09 UTC" finished-at="2022-03-15T09:07:10 UTC">
          <reporter-output>
          </reporter-output>
        </test-method> <!-- DataSetUP -->
        <test-method status="PASS" signature="SetUp(java.lang.reflect.Method)[pri:0, instance:testcases.LoginTest@6950e31]" name="SetUp" is-config="true" duration-ms="2566" started-at="2022-03-15T09:07:10 UTC" finished-at="2022-03-15T09:07:12 UTC">
          <params>
            <param index="0">
              <value>
                <![CDATA[public void testcases.LoginTest.ExternalDataTest()]]>
              </value>
            </param>
          </params>
          <reporter-output>
          </reporter-output>
        </test-method> <!-- SetUp -->
        <test-method status="PASS" signature="ExternalDataTest()[pri:0, instance:testcases.LoginTest@6950e31]" name="ExternalDataTest" duration-ms="2062" started-at="2022-03-15T09:07:12 UTC" finished-at="2022-03-15T09:07:14 UTC">
          <reporter-output>
          </reporter-output>
        </test-method> <!-- ExternalDataTest -->
        <test-method status="PASS" signature="TearDown()[pri:0, instance:testcases.LoginTest@6950e31]" name="TearDown" is-config="true" duration-ms="71" started-at="2022-03-15T09:07:14 UTC" finished-at="2022-03-15T09:07:14 UTC">
          <reporter-output>
          </reporter-output>
        </test-method> <!-- TearDown -->
        <test-method status="PASS" signature="SetUp(java.lang.reflect.Method)[pri:0, instance:testcases.LoginTest@6950e31]" name="SetUp" is-config="true" duration-ms="1495" started-at="2022-03-15T09:07:14 UTC" finished-at="2022-03-15T09:07:16 UTC">
          <params>
            <param index="0">
              <value>
                <![CDATA[public void testcases.LoginTest.LoginFailureTest()]]>
              </value>
            </param>
          </params>
          <reporter-output>
          </reporter-output>
        </test-method> <!-- SetUp -->
        <test-method status="PASS" signature="LoginFailureTest()[pri:0, instance:testcases.LoginTest@6950e31]" name="LoginFailureTest" duration-ms="3690" started-at="2022-03-15T09:07:16 UTC" finished-at="2022-03-15T09:07:19 UTC">
          <reporter-output>
          </reporter-output>
        </test-method> <!-- LoginFailureTest -->
        <test-method status="PASS" signature="TearDown()[pri:0, instance:testcases.LoginTest@6950e31]" name="TearDown" is-config="true" duration-ms="88" started-at="2022-03-15T09:07:19 UTC" finished-at="2022-03-15T09:07:20 UTC">
          <reporter-output>
          </reporter-output>
        </test-method> <!-- TearDown -->
        <test-method status="PASS" signature="SetUp(java.lang.reflect.Method)[pri:0, instance:testcases.LoginTest@6950e31]" name="SetUp" is-config="true" duration-ms="1559" started-at="2022-03-15T09:07:20 UTC" finished-at="2022-03-15T09:07:21 UTC">
          <params>
            <param index="0">
              <value>
                <![CDATA[public void testcases.LoginTest.LoginSuccessTest()]]>
              </value>
            </param>
          </params>
          <reporter-output>
          </reporter-output>
        </test-method> <!-- SetUp -->
        <test-method status="PASS" signature="LoginSuccessTest()[pri:0, instance:testcases.LoginTest@6950e31]" name="LoginSuccessTest" duration-ms="2420" started-at="2022-03-15T09:07:21 UTC" finished-at="2022-03-15T09:07:24 UTC">
          <reporter-output>
          </reporter-output>
        </test-method> <!-- LoginSuccessTest -->
        <test-method status="PASS" signature="TearDown()[pri:0, instance:testcases.LoginTest@6950e31]" name="TearDown" is-config="true" duration-ms="77" started-at="2022-03-15T09:07:24 UTC" finished-at="2022-03-15T09:07:24 UTC">
          <reporter-output>
          </reporter-output>
        </test-method> <!-- TearDown -->
        <test-method status="FAIL" signature="ParameterizedTest(java.lang.String,java.lang.String)[pri:0, instance:testcases.LoginTest@6950e31]" name="ParameterizedTest" duration-ms="0" started-at="2022-03-15T09:07:24 UTC" finished-at="2022-03-15T09:07:24 UTC">
          <exception class="org.testng.TestNGException">
            <message>
              <![CDATA[
Parameter 'Param1' is required by @Test on method ParameterizedTest but has not been marked @Optional or defined
in /tmp/testng-eclipse--1415920174/testng-customsuite.xml]]>
            </message>
            <full-stacktrace>
              <![CDATA[org.testng.TestNGException: 
Parameter 'Param1' is required by @Test on method ParameterizedTest but has not been marked @Optional or defined
in /tmp/testng-eclipse--1415920174/testng-customsuite.xml
at org.testng.internal.Parameters.createParams(Parameters.java:267)
at org.testng.internal.Parameters.createParametersForMethod(Parameters.java:355)
at org.testng.internal.Parameters.createParameters(Parameters.java:660)
at org.testng.internal.Parameters.handleParameters(Parameters.java:856)
at org.testng.internal.Parameters.handleParameters(Parameters.java:704)
at org.testng.internal.invokers.ParameterHandler.handleParameters(ParameterHandler.java:70)
at org.testng.internal.invokers.ParameterHandler.createParameters(ParameterHandler.java:49)
at org.testng.internal.invokers.TestInvoker$MethodInvocationAgent.invoke(TestInvoker.java:904)
at org.testng.internal.invokers.TestInvoker.invokeTestMethods(TestInvoker.java:193)
at org.testng.internal.invokers.TestMethodWorker.invokeTestMethods(TestMethodWorker.java:146)
at org.testng.internal.invokers.TestMethodWorker.run(TestMethodWorker.java:128)
at java.util.ArrayList.forEach(ArrayList.java:1259)
at org.testng.TestRunner.privateRun(TestRunner.java:808)
at org.testng.TestRunner.run(TestRunner.java:603)
at org.testng.SuiteRunner.runTest(SuiteRunner.java:429)
at org.testng.SuiteRunner.runSequentially(SuiteRunner.java:423)
at org.testng.SuiteRunner.privateRun(SuiteRunner.java:383)
at org.testng.SuiteRunner.run(SuiteRunner.java:326)
at org.testng.SuiteRunnerWorker.runSuite(SuiteRunnerWorker.java:52)
at org.testng.SuiteRunnerWorker.run(SuiteRunnerWorker.java:95)
at org.testng.TestNG.runSuitesSequentially(TestNG.java:1249)
at org.testng.TestNG.runSuitesLocally(TestNG.java:1169)
at org.testng.TestNG.runSuites(TestNG.java:1092)
at org.testng.TestNG.run(TestNG.java:1060)
at org.testng.remote.AbstractRemoteTestNG.run(AbstractRemoteTestNG.java:115)
at org.testng.remote.RemoteTestNG.initAndRun(RemoteTestNG.java:251)
at org.testng.remote.RemoteTestNG.main(RemoteTestNG.java:77)
]]>
            </full-stacktrace>
          </exception> <!-- org.testng.TestNGException -->
          <reporter-output>
          </reporter-output>
        </test-method> <!-- ParameterizedTest -->
        <test-method status="PASS" signature="DataTearDown()[pri:0, instance:testcases.LoginTest@6950e31]" name="DataTearDown" is-config="true" duration-ms="369" started-at="2022-03-15T09:07:24 UTC" finished-at="2022-03-15T09:07:24 UTC">
          <reporter-output>
          </reporter-output>
        </test-method> <!-- DataTearDown -->
      </class> <!-- testcases.LoginTest -->
    </test> <!-- Default test -->
  </suite> <!-- Default suite -->
</testng-results>
